0 info it worked if it ends with ok
1 verbose cli [ '/Users/blakeworsley/.nvm/versions/node/v6.9.1/bin/node',
1 verbose cli   '/Users/blakeworsley/.nvm/versions/node/v6.9.1/bin/npm',
1 verbose cli   'start' ]
2 info using npm@4.0.5
3 info using node@v6.9.1
4 verbose run-script [ 'prestart', 'start', 'poststart' ]
5 info lifecycle ask-the-audience@1.0.0~prestart: ask-the-audience@1.0.0
6 silly lifecycle ask-the-audience@1.0.0~prestart: no script for prestart, continuing
7 info lifecycle ask-the-audience@1.0.0~start: ask-the-audience@1.0.0
8 verbose lifecycle ask-the-audience@1.0.0~start: unsafe-perm in lifecycle true
9 verbose lifecycle ask-the-audience@1.0.0~start: PATH: /Users/blakeworsley/.nvm/versions/node/v6.9.1/lib/node_modules/npm/bin/node-gyp-bin:/Users/blakeworsley/Documents/2016/Turing/mod-4/projects/ask-the-audience/node_modules/.bin:/Users/blakeworsley/.rvm/gems/ruby-2.3.0/bin:/Users/blakeworsley/.rvm/gems/ruby-2.3.0@global/bin:/Users/blakeworsley/.rvm/rubies/ruby-2.3.0/bin:/Users/blakeworsley/.nvm/versions/node/v6.9.1/bin:/usr/local/bin:/usr/bin:/bin:/usr/sbin:/sbin:/Users/blakeworsley/.rvm/bin
10 verbose lifecycle ask-the-audience@1.0.0~start: CWD: /Users/blakeworsley/Documents/2016/Turing/mod-4/projects/ask-the-audience
11 silly lifecycle ask-the-audience@1.0.0~start: Args: [ '-c', 'node server.js' ]
12 silly lifecycle ask-the-audience@1.0.0~start: Returned: code: 1  signal: null
13 info lifecycle ask-the-audience@1.0.0~start: Failed to exec start script
14 verbose stack Error: ask-the-audience@1.0.0 start: `node server.js`
14 verbose stack Exit status 1
14 verbose stack     at EventEmitter.<anonymous> (/Users/blakeworsley/.nvm/versions/node/v6.9.1/lib/node_modules/npm/lib/utils/lifecycle.js:279:16)
14 verbose stack     at emitTwo (events.js:106:13)
14 verbose stack     at EventEmitter.emit (events.js:191:7)
14 verbose stack     at ChildProcess.<anonymous> (/Users/blakeworsley/.nvm/versions/node/v6.9.1/lib/node_modules/npm/lib/utils/spawn.js:40:14)
14 verbose stack     at emitTwo (events.js:106:13)
14 verbose stack     at ChildProcess.emit (events.js:191:7)
14 verbose stack     at maybeClose (internal/child_process.js:877:16)
14 verbose stack     at Process.ChildProcess._handle.onexit (internal/child_process.js:226:5)
15 verbose pkgid ask-the-audience@1.0.0
16 verbose cwd /Users/blakeworsley/Documents/2016/Turing/mod-4/projects/ask-the-audience
17 error Darwin 16.3.0
18 error argv "/Users/blakeworsley/.nvm/versions/node/v6.9.1/bin/node" "/Users/blakeworsley/.nvm/versions/node/v6.9.1/bin/npm" "start"
19 error node v6.9.1
20 error npm  v4.0.5
21 error code ELIFECYCLE
22 error ask-the-audience@1.0.0 start: `node server.js`
22 error Exit status 1
23 error Failed at the ask-the-audience@1.0.0 start script 'node server.js'.
23 error Make sure you have the latest version of node.js and npm installed.
23 error If you do, this is most likely a problem with the ask-the-audience package,
23 error not with npm itself.
23 error Tell the author that this fails on your system:
23 error     node server.js
23 error You can get information on how to open an issue for this project with:
23 error     npm bugs ask-the-audience
23 error Or if that isn't available, you can get their info via:
23 error     npm owner ls ask-the-audience
23 error There is likely additional logging output above.
24 verbose exit [ 1, true ]
